<?xml version="1.0" encoding="UTF-8"?>
<!-- Generated by org.testng.reporters.JUnitReportReporter -->
<testsuite hostname="LAPTOP-AUPPMG75" failures="0" tests="2" name="TestClasses.LoginTest" time="8.060" errors="0" timestamp="2021-06-18T17:43:44 IST" skipped="0">
  <testcase classname="TestClasses.LoginTest" name="verifyLogin" time="5.337"/>
  <system-out/>
  <testcase classname="TestClasses.LoginTest" name="verifyLogin" time="2.723"/>
  <system-out/>
</testsuite> <!-- TestClasses.LoginTest -->
